nohup: ignoring input
Directory       Status     Duration     SUs   Failure Reason       Vol Error (AF)  Vol Error (%)   Max WSEL Err    Start Time      End Time        Failure Info
[92mS0113           Success    6h 15m 0s    21                         18697.          0.3184          0.11            Jul 21 02:11    Jul 21 08:26    [0m
[92mS0114           Success    6h 57m 7s    21                         20148.          0.3456          0.16            Jul 21 02:11    Jul 21 09:08    [0m
[92mS0115           Success    9h 45m 12s   30                         32946.          0.4353          2.57            Jul 21 02:19    Jul 21 12:04    [0m
[92mS0116           Success    7h 29m 44s   24                         26012.          0.3589          1.54            Jul 21 02:10    Jul 21 09:40    [0m
[92mS0117           Success    6h 48m 7s    21                         17745.          0.2910          0.11            Jul 21 02:12    Jul 21 09:00    [0m
[92mS0118           Success    8h 34m 29s   27                         22199.          0.2934          2.46            Jul 21 02:15    Jul 21 10:50    [0m
[92mS0119           Success    6h 21m 46s   21                         15188.          0.2810          0.18            Jul 21 02:11    Jul 21 08:33    [0m
[92mS0120           Success    5h 49m 33s   18                         13490.          0.2555          0.07            Jul 21 02:10    Jul 21 07:59    [0m
[92mS0121           Success    8h 42m 33s   27                         80692.          1.140           1.18            Jul 21 02:15    Jul 21 10:57    [0m
[92mS0122           Success    9h 15m 23s   30                         50076.          0.6606          2.41            Jul 21 02:17    Jul 21 11:32    [0m
[92mS0123           Success    8h 32m 34s   27                         73972.          0.9752          2.58            Jul 21 02:16    Jul 21 10:48    [0m
[92mS0124           Success    7h 29m 11s   24                         23435.          0.3513          0.13            Jul 21 02:14    Jul 21 09:43    [0m
[92mS0125           Success    4h 45m 50s   15                         11914.          0.2473          0.18            Jul 21 02:10    Jul 21 06:56    [0m
[92mS0126           Success    6h 57m 57s   21                         12885.          0.1828          1.87            Jul 21 02:10    Jul 21 09:08    [0m
[92mS0127           Success    6h 6m 19s    21                         11827.          0.2092          0.18            Jul 21 02:09    Jul 21 08:16    [0m
[92mS0128           Success    8h 35m 5s    27                         17669.          0.3093          0.11            Jul 21 02:13    Jul 21 10:48    [0m
[92mS0129           Success    8h 31m 57s   27                         24631.          0.4045          4.52            Jul 21 02:12    Jul 21 10:44    [0m
[92mS0130           Success    11h 17m 2s   36                         135529.         1.675           4.95            Jul 21 02:17    Jul 21 13:34    [0m
[92mS0131           Success    11h 32m 3s   36                         124878.         1.639           2.83            Jul 21 02:18    Jul 21 13:50    [0m
[92mS0132           Success    10h 22m 59s  33                         31430.          0.4086          0.20            Jul 21 02:16    Jul 21 12:39    [0m
[92mS0133           Success    6h 39m 24s   21                         19087.          0.3296          0.31            Jul 21 02:30    Jul 21 09:09    [0m
[92mS0134           Success    5h 29m 20s   18                         12268.          0.2402          0.18            Jul 21 02:29    Jul 21 07:59    [0m
[92mS0135           Success    7h 7m 6s     24                         12147.          0.2046          0.22            Jul 21 02:30    Jul 21 09:37    [0m
[92mS0136           Success    7h 40m 51s   24                         17690.          0.2674          0.12            Jul 21 02:34    Jul 21 10:15    [0m
[92mS0137           Success    10h 2m 27s   33                         23975.          0.3156          2.30            Jul 21 02:36    Jul 21 12:39    [0m
[92mS0138           Success    10h 8m 16s   33                         46402.          0.6215          4.18            Jul 21 02:33    Jul 21 12:42    [0m
[92mS0139           Success    6h 25m 55s   21                         16599.          0.2837          4.18            Jul 21 02:30    Jul 21 08:56    [0m
[92mS0140           Success    11h 36m 48s  36                         27373.          0.2927          2.74            Jul 21 02:36    Jul 21 14:12    [0m
[92mS0141           Success    10h 34m 32s  33                         17288.          0.3036          0.18            Jul 21 02:32    Jul 21 13:07    [0m
[92mS0142           Success    10h 49m 40s  33                         16314.          0.2109          1.43            Jul 21 02:31    Jul 21 13:21    [0m
[92mS0143           Success    8h 36m 25s   27                         12573.          0.2181          0.38            Jul 21 02:30    Jul 21 11:06    [0m
[92mS0144           Success    12h 28m 14s  39                         20268.          0.3066          0.10            Jul 21 02:35    Jul 21 15:03    [0m
[92mS0145           Success    9h 49m 5s    30                         19735.          0.2726          6.38            Jul 21 02:33    Jul 21 12:23    [0m
[92mS0146           Success    10h 27m 51s  33                         21769.          0.2883          5.52            Jul 21 02:35    Jul 21 13:03    [0m
[92mS0147           Success    10h 16m 11s  33                         21003.          0.2646          4.56            Jul 21 02:35    Jul 21 12:51    [0m
[92mS0148           Success    11h 55m 31s  36                         25201.          0.3265          2.36            Jul 21 02:38    Jul 21 14:33    [0m
[92mS0149           Success    7h 6m 38s    24                         12985.          0.2052          2.93            Jul 21 02:30    Jul 21 09:37    [0m
[92mS0150           Success    8h 49m 51s   27                         16835.          0.2104          1.77            Jul 21 02:32    Jul 21 11:22    [0m
[92mS0151           Success    4h 11m 20s   15                         8539.           0.1869          0.46            Jul 21 02:29    Jul 21 06:41    [0m
[92mS0152           Success    8h 10m 44s   27                         17562.          0.2661          0.20            Jul 21 02:34    Jul 21 10:44    [0m
[92mS0153           Success    7h 28m 22s   24                         15015.          0.2595          4.34            Jul 21 02:38    Jul 21 10:07    [0m
[92mS0154           Success    11h 18m 6s   36                         24813.          0.3186          3.87            Jul 21 02:44    Jul 21 14:02    [0m
[92mS0155           Success    6h 34m 46s   21                         12803.          0.2222          1.46            Jul 21 02:38    Jul 21 09:13    [0m
[92mS0156           Success    4h 14m 28s   15                         7750.           0.1546          2.08            Jul 21 02:37    Jul 21 06:52    [0m
[92mS0157           Success    6h 55m 15s   21                         11915.          0.1690          2.36            Jul 21 02:38    Jul 21 09:33    [0m
[92mS0158           Success    7h 16m 57s   24                         16001.          0.2703          1.59            Jul 21 02:40    Jul 21 09:57    [0m
[92mS0159           Success    6h 34m 54s   21                         12122.          0.1938          1.06            Jul 21 02:38    Jul 21 09:13    [0m
[92mS0160           Success    10h 31m 45s  33                         23898.          0.3841          3.87            Jul 21 02:34    Jul 21 13:06    [0m
[92mS0161           Success    11h 1m 47s   36                         24718.          0.3594          2.82            Jul 21 02:34    Jul 21 13:36    [0m
[92mS0162           Success    11h 25m 10s  36                         24562.          0.3098          3.31            Jul 21 02:34    Jul 21 13:59    [0m
[92mS0163           Success    9h 40m 31s   30                         22764.          0.2674          2.13            Jul 22 18:40    Jul 23 04:21    [0m
[92mS0164           Success    7h 49m 26s   24                         14095.          0.1840          2.03            Jul 22 18:35    Jul 23 02:24    [0m
[92mS0165           Success    3h 30m 18s   12                         7888.           0.1679          1.01            Jul 22 18:33    Jul 22 22:04    [0m
[92mS0166           Success    6h 27m 42s   21                         17026.          0.2790          0.10            Jul 22 18:35    Jul 23 01:03    [0m
[92mS0167           Success    7h 9m 51s    24                         16898.          0.2681          0.33            Jul 22 18:36    Jul 23 01:46    [0m
[92mS0168           Success    4h 51m 27s   15                         9968.           0.2126          0.11            Jul 22 18:35    Jul 22 23:26    [0m
[92mS0169           Success    6h 56m 29s   21                         15649.          0.2681          0.22            Jul 22 18:36    Jul 23 01:32    [0m
[92mS0170           Success    11h 7m 26s   36                         20085.          0.2771          0.15            Jul 22 18:39    Jul 23 05:46    [0m
[92mS0171           Success    8h 23m 8s    27                         18390.          0.2414          1.90            Jul 22 18:37    Jul 23 03:00    [0m
[92mS0172           Success    9h 10m 11s   30                         17739.          0.2492          1.99            Jul 22 18:36    Jul 23 03:46    [0m
[92mS0173           Success    9h 37m 59s   30                         21034.          0.2789          2.45            Jul 22 18:40    Jul 23 04:18    [0m
[92mS0174           Success    7h 29m 20s   24                         15507.          0.2326          0.22            Jul 22 18:35    Jul 23 02:04    [0m
[92mS0175           Success    4h 2m 7s     15                         8091.           0.1725          0.12            Jul 22 18:33    Jul 22 22:35    [0m
[92mS0176           Success    4h 25m 0s    15                         9174.           0.1801          0.12            Jul 22 18:33    Jul 22 22:58    [0m
[92mS0177           Success    13h 16m 26s  42                         20543.          0.2954          1.02            Jul 22 18:40    Jul 23 07:57    [0m
[92mS0178           Success    12h 23m 14s  39                         20650.          0.2746          2.36            Jul 22 18:42    Jul 23 07:05    [0m
[92mS0179           Success    5h 21m 20s   18                         13127.          0.2441          0.19            Jul 22 18:34    Jul 22 23:55    [0m
[92mS0180           Success    5h 7m 3s     18                         10997.          0.1845          2.21            Jul 22 18:34    Jul 22 23:41    [0m
[92mS0181           Success    8h 46m 46s   27                         16815.          0.2501          0.18            Jul 22 18:36    Jul 23 03:23    [0m
[92mS0182           Success    10h 13m 1s   33                         17051.          0.2043          1.29            Jul 22 18:38    Jul 23 04:51    [0m
[92mS0183           Success    4h 11m 46s   15                         9333.           0.1946          0.12            Jul 22 18:34    Jul 22 22:45    [0m
[92mS0184           Success    8h 17m 10s   27                         20183.          0.2928          1.01            Jul 22 18:38    Jul 23 02:55    [0m
[92mS0185           Success    9h 37m 40s   30                         20733.          0.2753          2.63            Jul 22 18:41    Jul 23 04:18    [0m
[92mS0186           Success    7h 18m 4s    24                         16105.          0.2610          0.41            Jul 22 18:36    Jul 23 01:54    [0m
[92mS0187           Success    6h 40m 13s   21                         16302.          0.2808          0.20            Jul 22 18:35    Jul 23 01:16    [0m
[92mS0188           Success    8h 39m 46s   27                         20637.          0.2743          2.33            Jul 22 18:41    Jul 23 03:21    [0m
[92mS0189           Success    5h 40m 18s   18                         9845.           0.1801          0.21            Jul 22 18:36    Jul 23 00:16    [0m
[92mS0190           Success    5h 53m 18s   18                         13618.          0.2176          0.19            Jul 22 18:34    Jul 23 00:27    [0m
[92mS0191           Success    4h 30m 23s   15                         9845.           0.1826          0.18            Jul 22 18:35    Jul 22 23:05    [0m
[92mS0192           Success    7h 39m 28s   24                         20138.          0.2798          0.13            Jul 22 18:39    Jul 23 02:18    [0m
[92mS0417           Success    9h 35m 47s   30                         20978.          0.2781          2.19            Jul 22 18:41    Jul 23 04:17    [0m
[92mS0418           Success    7h 1m 28s    24                         14806.          0.2668          0.12            Jul 22 18:35    Jul 23 01:37    [0m
[92mS0419           Success    9h 12m 56s   30                         24131.          0.2970          0.77            Jul 22 18:41    Jul 23 03:53    [0m
[92mS0420           Success    6h 28m 7s    21                         15114.          0.2792          0.14            Jul 22 18:36    Jul 23 01:04    [0m
[92mS0421           Success    5h 1m 12s    18                         10116.          0.2069          0.16            Jul 22 18:35    Jul 22 23:37    [0m
[92mS0422           Success    7h 10m 19s   24                         13692.          0.2605          0.14            Jul 22 18:34    Jul 23 01:44    [0m
[92mS0423           Success    8h 25m 10s   27                         20903.          0.2774          2.31            Jul 22 18:42    Jul 23 03:07    [0m
[92mS0424           Success    8h 29m 2s    27                         21692.          0.2874          2.44            Jul 22 18:41    Jul 23 03:10    [0m
[92mS0425           Success    5h 25m 36s   18                         12812.          0.2185          0.17            Jul 22 18:34    Jul 23 00:00    [0m
[92mS0426           Success    9h 2m 4s     30                         22080.          0.3385          0.09            Jul 22 18:39    Jul 23 03:41    [0m
[92mS0427           Success    9h 59m 51s   30                         23550.          0.3098          2.30            Jul 22 18:41    Jul 23 04:40    [0m
[92mS0428           Success    6h 15m 45s   21                         13816.          0.2241          0.13            Jul 22 18:33    Jul 23 00:49    [0m
[92mS0429           Success    5h 14m 42s   18                         11877.          0.2174          0.17            Jul 22 18:34    Jul 22 23:48    [0m
[92mS0430           Success    7h 25m 46s   24                         17656.          0.2876          0.11            Jul 22 18:38    Jul 23 02:03    [0m
[92mS0431           Success    7h 51m 55s   24                         25285.          0.3841          0.18            Jul 22 18:37    Jul 23 02:29    [0m
[92mS0432           Success    8h 57m 27s   27                         30831.          0.4253          0.20            Jul 22 18:40    Jul 23 03:37    [0m
[92mS0433           Success    5h 26m 6s    18                         16121.          0.3214          0.13            Jul 22 18:34    Jul 23 00:00    [0m
[92mS0434           Success    9h 17m 33s   30                         22285.          0.2953          2.17            Jul 22 18:40    Jul 23 03:57    [0m
[92mS0435           Success    6h 10m 20s   21                         14232.          0.2063          1.50            Jul 22 18:33    Jul 23 00:44    [0m
[92mS0436           Success    7h 21m 29s   24                         17484.          0.2490          0.16            Jul 22 18:36    Jul 23 01:58    [0m
[92mS0437           Success    4h 32m 17s   15                         9585.           0.1801          0.17            Jul 22 18:34    Jul 22 23:07    [0m
[92mS0438           Success    7h 55m 6s    24                         72787.          1.139           6.40            Jul 22 18:38    Jul 23 02:33    [0m
[92mS0439           Success    9h 36m 35s   30                         133613.         1.796           4.33            Jul 22 18:39    Jul 23 04:16    [0m
[92mS0440           Success    8h 30m 11s   27                         19570.          0.3220          2.53            Jul 22 18:35    Jul 23 03:05    [0m
[92mS0441           Success    11h 54m 53s  36                         39402.          0.5200          2.39            Jul 22 18:42    Jul 23 06:37    [0m
[92mS0442           Success    10h 56m 35s  33                         19855.          0.2334          1.42            Jul 22 18:38    Jul 23 05:34    [0m
[92mS0443           Success    5h 23m 18s   18                         9508.           0.1840          0.27            Jul 22 18:34    Jul 22 23:57    [0m
[92mS0444           Success    8h 29m 25s   27                         16904.          0.2647          0.19            Jul 22 18:35    Jul 23 03:05    [0m
[92mS0445           Success    8h 38m 7s    27                         32490.          0.4042          4.79            Jul 22 18:37    Jul 23 03:15    [0m
[92mS0446           Success    12h 3m 50s   39                         88012.          1.134           3.67            Jul 22 18:41    Jul 23 06:45    [0m
[92mS0447           Success    7h 36m 55s   24                         19390.          0.2883          3.70            Jul 22 18:34    Jul 23 02:11    [0m
[92mS0448           Success    8h 54m 10s   27                         20109.          0.3155          0.44            Jul 22 18:40    Jul 23 03:34    [0m
[92mS0449           Success    8h 43m 59s   27                         17804.          0.2216          2.02            Jul 22 18:36    Jul 23 03:20    [0m
[92mS0450           Success    7h 53m 54s   24                         17015.          0.2687          0.33            Jul 22 18:36    Jul 23 02:30    [0m
[92mS0451           Success    7h 0m 30s    24                         17037.          0.2611          0.23            Jul 22 18:37    Jul 23 01:38    [0m
[92mS0452           Success    8h 28m 22s   27                         24602.          0.3728          5.28            Jul 22 18:39    Jul 23 03:07    [0m
[92mS0453           Success    9h 30m 57s   30                         21934.          0.2963          3.70            Jul 22 18:40    Jul 23 04:11    [0m
[92mS0454           Success    9h 35m 18s   30                         29355.          0.3257          4.17            Jul 22 18:39    Jul 23 04:14    [0m
[92mS0455           Success    5h 33m 49s   18                         11064.          0.2002          2.53            Jul 22 18:33    Jul 23 00:07    [0m
[92mS0456           Success    7h 17m 11s   24                         15586.          0.2127          1.94            Jul 22 18:36    Jul 23 01:53    [0m
[92mS0457           Success    6h 30m 38s   21                         13306.          0.2386          0.32            Jul 22 18:34    Jul 23 01:04    [0m
[92mS0458           Success    8h 53m 39s   27                         20283.          0.2898          0.16            Jul 22 18:39    Jul 23 03:33    [0m
[92mS0459           Success    8h 34m 36s   27                         18252.          0.2701          2.37            Jul 22 18:35    Jul 23 03:10    [0m
[92mS0460           Success    7h 58m 56s   24                         17649.          0.2770          0.38            Jul 22 18:37    Jul 23 02:36    [0m
[92mS0461           Success    11h 0m 45s   36                         25940.          0.3445          1.95            Jul 22 18:42    Jul 23 05:42    [0m
[92mS0462           Success    4h 44m 29s   15                         10087.          0.2102          1.45            Jul 22 18:35    Jul 22 23:19    [0m
[92mS0463           Success    5h 52m 28s   18                         13176.          0.1852          2.36            Jul 22 18:34    Jul 23 00:27    [0m
[92mS0464           Success    4h 29m 56s   15                         10878.          0.2034          1.98            Jul 22 18:33    Jul 22 23:03    [0m
[92mS0465           Success    4h 59m 51s   15                         12720.          0.2246          0.17            Jul 22 18:34    Jul 22 23:34    [0m
[92mS0466           Success    10h 54m 18s  33                         29453.          0.3859          2.92            Jul 22 18:40    Jul 23 05:34    [0m
[92mS0467           Success    5h 19m 22s   18                         12000.          0.2058          1.34            Jul 22 18:33    Jul 22 23:53    [0m
[92mS0468           Success    6h 27m 24s   21                         16917.          0.2622          0.15            Jul 22 18:36    Jul 23 01:03    [0m
[92mS0469           Success    8h 1m 13s    27                         13654.          0.2221          0.21            Jul 22 18:34    Jul 23 02:35    [0m
[92mS0470           Success    9h 49m 5s    30                         17770.          0.2658          1.13            Jul 22 18:39    Jul 23 04:28    [0m
[92mS0471           Success    7h 20m 31s   24                         12432.          0.2009          0.46            Jul 22 18:34    Jul 23 01:54    [0m
[92mS0472           Success    7h 0m 13s    24                         12254.          0.2214          0.12            Jul 22 18:34    Jul 23 01:34    [0m
[92mS0473           Success    9h 38m 53s   30                         16809.          0.2501          0.61            Jul 22 18:36    Jul 23 04:15    [0m
[92mS0474           Success    5h 38m 56s   18                         8850.           0.1636          0.21            Jul 22 18:34    Jul 23 00:13    [0m
[92mS0475           Success    8h 12m 34s   27                         20067.          0.2937          0.18            Jul 22 18:40    Jul 23 02:52    [0m
[92mS0476           Success    8h 36m 55s   27                         20135.          0.2846          0.40            Jul 22 18:40    Jul 23 03:16    [0m
[92mS0477           Success    5h 59m 29s   18                         11895.          0.1987          1.50            Jul 22 18:34    Jul 23 00:34    [0m
[92mS0478           Success    4h 30m 59s   15                         9259.           0.1865          0.21            Jul 22 18:35    Jul 22 23:06    [0m
[92mS0479           Success    7h 26m 42s   24                         15950.          0.2370          0.54            Jul 22 18:36    Jul 23 02:03    [0m
[92mS0480           Success    9h 19m 41s   30                         20656.          0.2745          2.44            Jul 22 18:42    Jul 23 04:02    [0m
[92mS0481           Success    4h 26m 2s    15                         9891.           0.2008          0.24            Jul 22 18:34    Jul 22 23:00    [0m
[92mS0482           Success    4h 23m 39s   15                         8607.           0.1497          2.34            Jul 22 18:33    Jul 22 22:57    [0m
[92mS0483           Success    7h 32m 22s   24                         16926.          0.2599          0.47            Jul 22 18:37    Jul 23 02:09    [0m
[92mS0484           Success    7h 13m 3s    24                         16879.          0.2896          0.13            Jul 22 18:37    Jul 23 01:50    [0m
[92mS0485           Success    8h 32m 55s   27                         20645.          0.2741          2.47            Jul 22 18:43    Jul 23 03:16    [0m
[92mS0486           Success    4h 21m 56s   15                         9324.           0.1912          0.19            Jul 22 18:34    Jul 22 22:56    [0m
[92mS0705           Success    9h 13m 12s   30                         22198.          0.2933          2.42            Jul 22 18:42    Jul 23 03:55    [0m
[92mS0706           Success    7h 1m 45s    24                         17223.          0.2837          0.12            Jul 22 18:37    Jul 23 01:39    [0m
[92mS0707           Success    7h 37m 58s   24                         18384.          0.2817          0.86            Jul 22 18:39    Jul 23 02:17    [0m
[92mS0708           Success    6h 3m 56s    21                         15914.          0.2579          1.32            Jul 22 18:34    Jul 23 00:38    [0m
[92mS0709           Success    9h 29m 13s   30                         20961.          0.2779          2.18            Jul 22 18:41    Jul 23 04:10    [0m
[92mS0710           Success    8h 58m 57s   27                         21200.          0.3023          0.13            Jul 22 18:40    Jul 23 03:39    [0m
[92mS0711           Success    9h 31m 20s   30                         21019.          0.2783          2.29            Jul 22 18:42    Jul 23 04:13    [0m
[92mS0712           Success    5h 39m 51s   18                         12870.          0.2474          0.09            Jul 22 18:34    Jul 23 00:14    [0m
[92mS0713           Success    7h 52m 14s   24                         21168.          0.3124          0.10            Jul 22 18:40    Jul 23 02:32    [0m
[92mS0714           Success    8h 24m 8s    27                         21669.          0.2864          2.17            Jul 22 18:41    Jul 23 03:05    [0m
[92mS0715           Success    9h 44m 44s   30                         20937.          0.2777          2.22            Jul 22 18:40    Jul 23 04:25    [0m
[92mS0716           Success    6h 23m 16s   21                         15156.          0.2494          1.73            Jul 22 18:34    Jul 23 00:57    [0m
[92mS0717           Success    7h 41m 46s   24                         15918.          0.2409          0.73            Jul 22 18:35    Jul 23 02:17    [0m
[92mS0718           Success    5h 41m 28s   18                         11613.          0.2277          0.50            Jul 22 18:33    Jul 23 00:14    [0m
[92mS0719           Success    8h 39m 22s   27                         20409.          0.3239          0.09            Jul 22 18:38    Jul 23 03:17    [0m
[92mS0720           Success    6h 24m 5s    21                         13757.          0.2656          0.11            Jul 22 18:34    Jul 23 00:58    [0m
[92mS0721           Success    7h 53m 7s    24                         18052.          0.2822          0.19            Jul 22 18:37    Jul 23 02:30    [0m
[92mS0722           Success    8h 37m 46s   27                         22038.          0.2911          2.34            Jul 22 18:40    Jul 23 03:18    [0m
[92mS0723           Success    6h 42m 44s   21                         20351.          0.2879          2.20            Jul 22 18:34    Jul 23 01:17    [0m
[92mS0724           Success    7h 49m 50s   24                         19662.          0.2618          0.28            Jul 22 18:37    Jul 23 02:27    [0m
[92mS0725           Success    6h 24m 35s   21                         17080.          0.2919          0.10            Jul 22 18:36    Jul 23 01:01    [0m
[92mS0726           Success    3h 19m 24s   12                         8563.           0.2017          0.81            Jul 22 18:33    Jul 22 21:52    [0m
[92mS0727           Success    4h 32m 18s   15                         10397.          0.1951          0.15            Jul 22 18:33    Jul 22 23:05    [0m
[92mS0728           Success    8h 30m 43s   27                         20808.          0.2760          2.19            Jul 22 18:39    Jul 23 03:10    [0m
[92mS0729           Success    8h 52m 18s   27                         44823.          0.5914          2.31            Jul 22 18:40    Jul 23 03:32    [0m
[92mS0730           Success    6h 51m 45s   21                         20005.          0.3237          0.15            Jul 22 18:37    Jul 23 01:29    [0m
[92mS0731           Success    9h 45m 12s   30                         29504.          0.3279          1.20            Jul 22 18:40    Jul 23 04:25    [0m
[92mS0732           Success    5h 20m 27s   18                         14249.          0.2707          2.00            Jul 22 18:34    Jul 22 23:54    [0m
[92mS0733           Success    8h 44m 2s    27                         23809.          0.3488          0.17            Jul 22 18:40    Jul 23 03:24    [0m
[92mS0734           Success    4h 26m 0s    15                         8886.           0.1842          0.39            Jul 22 18:35    Jul 22 23:01    [0m
[92mS0735           Success    7h 37m 35s   24                         16967.          0.2558          0.18            Jul 22 18:37    Jul 23 02:15    [0m
[92mS0736           Success    6h 12m 20s   21                         14977.          0.2904          0.09            Jul 22 18:36    Jul 23 00:48    [0m
[92mS0737           Success    6h 59m 10s   21                         16553.          0.2915          0.18            Jul 22 18:36    Jul 23 01:35    [0m
[92mS0738           Success    5h 5m 25s    18                         11632.          0.2352          0.87            Jul 22 18:33    Jul 22 23:39    [0m
[92mS0739           Success    10h 38m 31s  33                         28807.          0.3807          3.93            Jul 22 18:42    Jul 23 05:20    [0m
[92mS0740           Success    8h 49m 13s   27                         23532.          0.3088          2.50            Jul 22 18:38    Jul 23 03:27    [0m
[92mS0741           Success    5h 39m 39s   18                         12906.          0.2198          2.87            Jul 22 18:35    Jul 23 00:14    [0m
[92mS0742           Success    4h 6m 1s     15                         8592.           0.1741          2.55            Jul 22 18:33    Jul 22 22:39    [0m
[92mS0743           Success    8h 10m 34s   27                         20429.          0.2805          0.32            Jul 22 18:40    Jul 23 02:50    [0m
[92mS0744           Success    6h 5m 5s     21                         16263.          0.2945          0.07            Jul 22 18:36    Jul 23 00:41    [0m
[92mS0745           Success    6h 50m 10s   21                         17538.          0.2896          0.14            Jul 22 18:37    Jul 23 01:27    [0m
[92mS0746           Success    8h 31m 50s   27                         19379.          0.2729          2.38            Jul 22 18:38    Jul 23 03:10    [0m
[92mS0747           Success    6h 38m 17s   21                         16234.          0.2467          0.17            Jul 22 18:35    Jul 23 01:13    [0m
[92mS0748           Success    4h 11m 31s   15                         8594.           0.1569          2.39            Jul 22 18:34    Jul 22 22:45    [0m
[92mS0749           Success    6h 38m 8s    21                         16012.          0.2279          1.94            Jul 22 18:35    Jul 23 01:13    [0m
[92mS0750           Success    8h 36m 28s   27                         20834.          0.2764          2.06            Jul 22 18:41    Jul 23 03:18    [0m
[92mS0751           Success    5h 6m 31s    18                         13124.          0.2455          0.16            Jul 22 18:34    Jul 22 23:40    [0m
[92mS0752           Success    4h 26m 35s   15                         11514.          0.2356          0.12            Jul 22 18:33    Jul 22 22:59    [0m
[92mS0753           Success    6h 21m 12s   21                         16171.          0.2644          0.22            Jul 22 18:35    Jul 23 00:56    [0m
[92mS0754           Success    7h 16m 6s    24                         17411.          0.2602          1.45            Jul 22 18:38    Jul 23 01:54    [0m
[92mS0755           Success    8h 15m 58s   27                         20988.          0.2780          2.19            Jul 22 18:41    Jul 23 02:57    [0m
[92mS0756           Success    3h 44m 14s   12                         8969.           0.1924          0.37            Jul 22 18:34    Jul 22 22:19    [0m
[92mS0757           Success    6h 15m 3s    21                         16875.          0.2884          0.17            Jul 22 18:36    Jul 23 00:51    [0m
[92mS0758           Success    5h 35m 7s    18                         12929.          0.2007          1.24            Jul 22 18:35    Jul 23 00:10    [0m
[92mS0759           Success    6h 12m 7s    21                         16311.          0.2741          0.13            Jul 22 18:35    Jul 23 00:47    [0m
[92mS0760           Success    4h 45m 43s   15                         13031.          0.2665          0.15            Jul 22 18:34    Jul 22 23:20    [0m
[92mS0761           Success    7h 19m 16s   24                         17292.          0.2343          1.23            Jul 22 18:38    Jul 23 01:57    [0m
[92mS0762           Success    6h 27m 17s   21                         15560.          0.2689          0.14            Jul 22 18:36    Jul 23 01:03    [0m
[92mS0763           Success    9h 5m 29s    30                         20624.          0.2736          2.40            Jul 22 18:41    Jul 23 03:46    [0m
[92mS0764           Success    9h 53m 59s   30                         22216.          0.2922          2.45            Jul 22 18:41    Jul 23 04:35    [0m
[92mS0765           Success    5h 36m 9s    18                         13139.          0.2454          0.18            Jul 22 18:34    Jul 23 00:10    [0m
[92mS0766           Success    4h 19m 1s    15                         8471.           0.1648          0.18            Jul 22 18:34    Jul 22 22:53    [0m
[92mS0767           Success    5h 53m 53s   18                         13736.          0.2448          0.13            Jul 22 18:34    Jul 23 00:28    [0m
[92mS0768           Success    6h 36m 44s   21                         16811.          0.3082          0.07            Jul 22 18:36    Jul 23 01:12    [0m
[92mS0769           Success    7h 7m 10s    24                         16869.          0.2590          0.19            Jul 22 18:36    Jul 23 01:43    [0m
[92mS0770           Success    8h 51m 6s    27                         19923.          0.2493          0.52            Jul 22 18:40    Jul 23 03:31    [0m
[92mS0771           Success    4h 5m 44s    15                         9160.           0.1831          0.21            Jul 22 18:34    Jul 22 22:39    [0m
[92mS0772           Success    5h 28m 31s   18                         12578.          0.2204          0.19            Jul 22 18:35    Jul 23 00:03    [0m
[92mS0773           Success    6h 56m 52s   21                         16251.          0.2371          0.19            Jul 22 18:36    Jul 23 01:33    [0m
[92mS0774           Success    6h 40m 8s    21                         16181.          0.2473          0.69            Jul 22 18:36    Jul 23 01:16    [0m
[92mS0775           Success    3h 3m 6s     12                         6680.           0.1543          0.19            Jul 22 18:33    Jul 22 21:36    [0m
[92mS0776           Success    7h 5m 47s    24                         16888.          0.2495          0.19            Jul 22 18:37    Jul 23 01:43    [0m
[92mS0977           Success    7h 56m 33s   24                         19957.          0.3178          1.86            Jul 22 18:37    Jul 23 02:33    [0m
[92mS0978           Success    7h 17m 40s   24                         17531.          0.2584          0.35            Jul 22 18:37    Jul 23 01:55    [0m
[92mS0979           Success    7h 22m 25s   24                         17903.          0.2633          0.19            Jul 22 18:37    Jul 23 02:00    [0m
[92mS0980           Success    9h 33m 4s    30                         23171.          0.3067          2.19            Jul 22 18:42    Jul 23 04:15    [0m
[92mS0981           Success    8h 45m 40s   27                         20869.          0.2890          0.50            Jul 22 18:41    Jul 23 03:27    [0m
[92mS0982           Success    6h 4m 38s    21                         13808.          0.2337          1.18            Jul 22 18:35    Jul 23 00:40    [0m
[92mS0983           Success    4h 9m 20s    15                         9336.           0.1847          0.54            Jul 22 18:34    Jul 22 22:43    [0m
[92mS0984           Success    7h 54m 37s   24                         19275.          0.2991          0.45            Jul 22 18:38    Jul 23 02:33    [0m
[92mS0985           Success    8h 24m 3s    27                         20852.          0.3152          0.52            Jul 22 18:40    Jul 23 03:04    [0m
[92mS0986           Success    10h 11m 10s  33                         24982.          0.3286          2.39            Jul 22 18:41    Jul 23 04:52    [0m
[92mS0987           Success    6h 15m 41s   21                         15720.          0.2502          1.64            Jul 22 18:34    Jul 23 00:49    [0m
[92mS0988           Success    5h 53m 40s   18                         13445.          0.2200          1.29            Jul 22 18:34    Jul 23 00:28    [0m
[92mS0989           Success    6h 39m 54s   21                         17830.          0.3138          0.15            Jul 22 18:38    Jul 23 01:18    [0m
[92mS0990           Success    7h 1m 7s     24                         17056.          0.2544          0.16            Jul 22 18:37    Jul 23 01:38    [0m
[92mS0991           Success    8h 5m 58s    27                         21927.          0.3235          0.16            Jul 22 18:38    Jul 23 02:44    [0m
[92mS0992           Success    8h 58m 22s   27                         22210.          0.2931          2.40            Jul 22 18:41    Jul 23 03:39    [0m
[92mS0993           Success    7h 15m 39s   24                         21766.          0.3224          1.31            Jul 22 18:38    Jul 23 01:53    [0m
[92mS0994           Success    7h 0m 32s    24                         17784.          0.2857          0.22            Jul 22 18:37    Jul 23 01:38    [0m
[92mS0995           Success    5h 29m 28s   18                         14196.          0.2752          0.46            Jul 22 18:35    Jul 23 00:04    [0m
[92mS0996           Success    4h 14m 12s   15                         10254.          0.2196          0.16            Jul 22 18:34    Jul 22 22:49    [0m
[92mS0997           Success    8h 48m 4s    27                         20925.          0.2774          2.30            Jul 22 18:41    Jul 23 03:29    [0m
[92mS0998           Success    7h 10m 54s   24                         18787.          0.2761          0.17            Jul 22 18:37    Jul 23 01:48    [0m
[92mS0999           Success    8h 40m 21s   27                         22401.          0.2948          2.31            Jul 22 18:40    Jul 23 03:20    [0m
[92mS1000           Success    6h 22m 19s   21                         17281.          0.2998          0.16            Jul 22 18:36    Jul 23 00:58    [0m
[92mS1001           Success    3h 46m 22s   12                         9771.           0.2165          0.16            Jul 22 18:33    Jul 22 22:20    [0m
[92mS1002           Success    9h 49m 42s   30                         20975.          0.2778          2.31            Jul 22 18:41    Jul 23 04:30    [0m
[92mS1003           Success    6h 53m 31s   21                         13795.          0.2262          0.21            Jul 22 18:34    Jul 23 01:28    [0m
[92mS1004           Success    6h 35m 14s   21                         13188.          0.2196          0.16            Jul 22 18:34    Jul 23 01:09    [0m
[92mS1005           Success    9h 47m 8s    30                         21517.          0.2846          1.95            Jul 22 18:40    Jul 23 04:27    [0m

==================================================
Summary:
Total models run: 251
[92mSuccessful: 251[0m
[93mRunning: 0[0m
[91mFailed: 0[0m
Total SUs used; 4 cpus per task, 8GB min required (successful only): 6036
==================================================
Traceback (most recent call last):
  File "/ocean/projects/ees250010p/shared/03_scripts/postprocessing/review_simulation_status/COJ-production/update_csv.py", line 18, in <module>
    new_rows.loc[:, col] = pd.NA
    ~~~~~~~~~~~~^^^^^^^^
  File "/opt/packages/anaconda3-2024.10-1/lib/python3.12/site-packages/pandas/core/indexing.py", line 911, in __setitem__
    iloc._setitem_with_indexer(indexer, value, self.name)
  File "/opt/packages/anaconda3-2024.10-1/lib/python3.12/site-packages/pandas/core/indexing.py", line 1847, in _setitem_with_indexer
    raise ValueError(
ValueError: cannot set a frame with no defined index and a scalar
On branch main
Your branch is up to date with 'origin/main'.

Changes not staged for commit:
  (use "git add <file>..." to update what will be committed)
  (use "git restore <file>..." to discard changes in working directory)
	modified:   erdc_baseline_simulation_basic_summary.csv

Untracked files:
  (use "git add <file>..." to include in what will be committed)
	update_status.log

no changes added to commit (use "git add" and/or "git commit -a")
Everything up-to-date
